<?xml version="1.0" encoding="UTF-8"?>
<!-- Generated by org.testng.reporters.JUnitXMLReporter -->
<testsuite hostname="RMM-LT-654" ignored="0" name="My TestNG Tests" tests="4" failures="0" timestamp="05 May 2019 05:54:02 GMT" time="109.452" errors="0">
  <testcase name="tC0005" time="1.447" classname="org.continuum.framework.testcases.TC0005"/>
  <testcase name="tC0005" time="0.737" classname="org.continuum.framework.testcases.TC0005"/>
  <testcase name="tC0005" time="4.048" classname="org.continuum.framework.testcases.TC0005"/>
  <testcase name="tC0006" time="29.4" classname="org.continuum.framework.testcases.TC0006"/>
</testsuite> <!-- My TestNG Tests -->
